Arguments: 
  C:\Program Files\nodejs\node.exe C:\Program Files (x86)\Yarn\bin\yarn.js

PATH: 
  C:\Python27\;C:\Python27\Scripts;C:\Windows\system32;C:\Windows;C:\Windows\System32\Wbem;C:\Windows\System32\WindowsPowerShell\v1.0\;C:\Windows\System32\OpenSSH\;C:\ProgramData\chocolatey\bin;C:\Program Files\nodejs\;C:\Program Files\Java\jdk1.8.0_211\bin;%ANDROID_HOME%;C:\Program Files (x86)\Yarn\bin\;C:\Program Files\dotnet\;C:\Program Files\Microsoft SQL Server\130\Tools\Binn\;C:\Program Files\Git\cmd;C:\Users\ACER\AppData\Local\Microsoft\WindowsApps;;C:\Users\ACER\AppData\Local\Programs\Microsoft VS Code\bin;C:\Users\ACER\AppData\Roaming\npm;C:\Users\ACER\AppData\Local\Yarn\bin;C:\Users\ACER\.dotnet\tools

Yarn version: 
  1.17.3

Node version: 
  12.6.0

Platform: 
  win32 x64

Trace: 
  Error: EPERM: operation not permitted, unlink 'F:\Hoc Tap\Đồ án 2\waza-shopping-admin-master\node_modules\node-sass\vendor\win32-x64-72\binding.node'

npm manifest: 
  {
    "name": "light-bootstrap-dashboard-react",
    "version": "1.3.0",
    "private": true,
    "dependencies": {
      "bootstrap": "3.3.7",
      "chartist": "0.10.1",
      "node-sass": "4.12.0",
      "react": "16.8.6",
      "react-bootstrap": "0.32.4",
      "react-chartist": "0.13.3",
      "react-dom": "16.8.6",
      "react-google-maps": "9.4.5",
      "react-icons": "^3.7.0",
      "react-notification-system": "0.2.17",
      "react-router": "5.0.0",
      "react-router-dom": "5.0.0",
      "react-scripts": "3.0.0",
      "react-toggle": "4.0.2",
      "yarn": "^1.17.3"
    },
    "devDependencies": {
      "@types/googlemaps": "3.30.19",
      "@types/markerclustererplus": "2.1.33",
      "@types/react": "16.8.13",
      "typescript": "3.4.3"
    },
    "scripts": {
      "start": "react-scripts start",
      "build": "react-scripts build",
      "test": "react-scripts test --env=jsdom",
      "eject": "react-scripts eject",
      "install:clean": "rm -rf node_modules/ && rm -rf package-lock.json && npm install && npm start",
      "compile-sass": "node-sass src/assets/sass/light-bootstrap-dashboard-react.scss src/assets/css/light-bootstrap-dashboard-react.css",
      "minify-sass": "node-sass src/assets/sass/light-bootstrap-dashboard-react.scss src/assets/css/light-bootstrap-dashboard-react.min.css --output-style compressed",
      "map-sass": "node-sass src/assets/sass/light-bootstrap-dashboard-react.scss src/assets/css/light-bootstrap-dashboard-react.css --source-map true"
    },
    "browserslist": {
      "production": [
        ">0.2%",
        "not dead",
        "not op_mini all"
      ],
      "development": [
        "last 1 chrome version",
        "last 1 firefox version",
        "last 1 safari version"
      ]
    },
    "main": "index.js",
    "repository": "https://gitlab.com/quocbao0505.qt/waza-admin.git",
    "author": "BaoTruong55 <quocbao0505.qt@gmail.com>",
    "license": "MIT"
  }

yarn manifest: 
  No manifest

Lockfile: 
  No lockfile
